C:\USERS\ARASH\DOCUMENTS\GITHUB\TEXTGAME\TEXTGAMEDEMO\DEBUG\TEXTGAMEDEMO.PCH
C:\USERS\ARASH\DOCUMENTS\GITHUB\TEXTGAME\TEXTGAMEDEMO\DEBUG\STDAFX.OBJ
C:\USERS\ARASH\DOCUMENTS\GITHUB\TEXTGAME\TEXTGAMEDEMO\DEBUG\VC110.PDB
C:\USERS\ARASH\DOCUMENTS\GITHUB\TEXTGAME\TEXTGAMEDEMO\DEBUG\TEXTGAMEDEMO.OBJ
C:\USERS\ARASH\DOCUMENTS\GITHUB\TEXTGAME\DEBUG\TEXTGAMEDEMO.ILK
C:\USERS\ARASH\DOCUMENTS\GITHUB\TEXTGAME\DEBUG\TEXTGAMEDEMO.EXE
C:\USERS\ARASH\DOCUMENTS\GITHUB\TEXTGAME\DEBUG\TEXTGAMEDEMO.PDB
C:\Users\Arash\Documents\GitHub\TextGame\TextGameDemo\Debug\stdafx.obj
C:\Users\Arash\Documents\GitHub\TextGame\TextGameDemo\Debug\TextGameDemo.obj
C:\Users\Arash\Documents\GitHub\TextGame\TextGameDemo\Debug\cl.command.1.tlog
C:\Users\Arash\Documents\GitHub\TextGame\TextGameDemo\Debug\CL.read.1.tlog
C:\Users\Arash\Documents\GitHub\TextGame\TextGameDemo\Debug\CL.write.1.tlog
C:\Users\Arash\Documents\GitHub\TextGame\TextGameDemo\Debug\link-cvtres.read.1.tlog
C:\Users\Arash\Documents\GitHub\TextGame\TextGameDemo\Debug\link-cvtres.write.1.tlog
C:\Users\Arash\Documents\GitHub\TextGame\TextGameDemo\Debug\link-rc.read.1.tlog
C:\Users\Arash\Documents\GitHub\TextGame\TextGameDemo\Debug\link-rc.write.1.tlog
C:\Users\Arash\Documents\GitHub\TextGame\TextGameDemo\Debug\link.26072-cvtres.read.1.tlog
C:\Users\Arash\Documents\GitHub\TextGame\TextGameDemo\Debug\link.26072-cvtres.write.1.tlog
C:\Users\Arash\Documents\GitHub\TextGame\TextGameDemo\Debug\link.26072-rc.read.1.tlog
C:\Users\Arash\Documents\GitHub\TextGame\TextGameDemo\Debug\link.26072-rc.write.1.tlog
C:\Users\Arash\Documents\GitHub\TextGame\TextGameDemo\Debug\link.26072.read.1.tlog
C:\Users\Arash\Documents\GitHub\TextGame\TextGameDemo\Debug\link.26072.write.1.tlog
C:\Users\Arash\Documents\GitHub\TextGame\TextGameDemo\Debug\link.command.1.tlog
C:\Users\Arash\Documents\GitHub\TextGame\TextGameDemo\Debug\link.read.1.tlog
C:\Users\Arash\Documents\GitHub\TextGame\TextGameDemo\Debug\link.write.1.tlog
C:\Users\Arash\Documents\GitHub\TextGame\TextGameDemo\Debug\TextGameDemo.pch
C:\Users\Arash\Documents\GitHub\TextGame\TextGameDemo\Debug\vc110.idb
C:\Users\Arash\Documents\GitHub\TextGame\TextGameDemo\Debug\vc110.pdb
C:\Users\Arash\Documents\GitHub\TextGame\Debug\TextGameDemo.pdb
C:\Users\Arash\Documents\GitHub\TextGame\Debug\TextGameDemo.exe
C:\Users\Arash\Documents\GitHub\TextGame\Debug\TextGameDemo.ilk
